<?xml version="1.0" encoding="utf-8"?><testsuites name="pytest tests"><testsuite name="pytest" errors="0" failures="0" skipped="0" tests="20" time="22.410" timestamp="2026-05-15T02:50:39.474718+00:00" hostname="agent-env-8189d13c-ef49-4027-a7b7-e21347845beb"><testcase classname="backend.tests.backend_test.TestHealth" name="test_root" time="0.160" /><testcase classname="backend.tests.backend_test.TestAuth" name="test_demo_logins_all_roles" time="0.831" /><testcase classname="backend.tests.backend_test.TestAuth" name="test_invalid_credentials_401" time="0.273" /><testcase classname="backend.tests.backend_test.TestAuth" name="test_register_invalid_role_400" time="0.051" /><testcase classname="backend.tests.backend_test.TestAuth" name="test_register_then_me" time="0.328" /><testcase classname="backend.tests.backend_test.TestAuth" name="test_me_no_token_401" time="0.060" /><testcase classname="backend.tests.backend_test.TestResume" name="test_analyze_and_get_me" time="12.695" /><testcase classname="backend.tests.backend_test.TestResume" name="test_analyze_short_text_400" time="0.050" /><testcase classname="backend.tests.backend_test.TestPrediction" name="test_predict_student" time="0.051" /><testcase classname="backend.tests.backend_test.TestPrediction" name="test_predict_recruiter_403" time="0.333" /><testcase classname="backend.tests.backend_test.TestJobs" name="test_list_jobs_has_seeded" time="0.051" /><testcase classname="backend.tests.backend_test.TestJobs" name="test_student_cannot_post_job" time="0.057" /><testcase classname="backend.tests.backend_test.TestJobs" name="test_recruiter_create_and_delete_job" time="0.153" /><testcase classname="backend.tests.backend_test.TestMatching" name="test_recommendations_student" time="0.051" /><testcase classname="backend.tests.backend_test.TestMatching" name="test_recommendations_recruiter_403" time="0.048" /><testcase classname="backend.tests.backend_test.TestMatching" name="test_shortlist_recruiter" time="0.131" /><testcase classname="backend.tests.backend_test.TestMatching" name="test_shortlist_bad_job_404" time="0.051" /><testcase classname="backend.tests.backend_test.TestInterview" name="test_start_message_list" time="6.575" /><testcase classname="backend.tests.backend_test.TestAnalytics" name="test_coordinator_overview" time="0.338" /><testcase classname="backend.tests.backend_test.TestAnalytics" name="test_student_analytics_403" time="0.048" /></testsuite></testsuites>